<?xml version="1.0" encoding="UTF-8"?>
<testng-results ignored="0" total="1" passed="1" failed="0" skipped="0">
  <reporter-output>
  </reporter-output>
  <suite started-at="2024-04-10T23:28:24 IST" name="Default suite" finished-at="2024-04-10T23:28:28 IST" duration-ms="4121">
    <groups>
    </groups>
    <test started-at="2024-04-10T23:28:24 IST" name="Default test" finished-at="2024-04-10T23:28:28 IST" duration-ms="4121">
      <class name="org.test.FirstClass">
        <test-method signature="GetMethod()[pri:0, instance:org.test.FirstClass@42a48628]" started-at="2024-04-10T23:28:24 IST" name="GetMethod" finished-at="2024-04-10T23:28:28 IST" duration-ms="4022" status="PASS">
          <reporter-output>
          </reporter-output>
        </test-method> <!-- GetMethod -->
      </class> <!-- org.test.FirstClass -->
    </test> <!-- Default test -->
  </suite> <!-- Default suite -->
</testng-results>
